<?xml version="1.0" encoding="UTF-8" ?>
<testsuite errors="0" failures="6" hostname="LAPTOP-0AUPKKC1" name="tarkastaja.B_VaalipuheenTarkastajaTest" skipped="0" tests="6" time="2.495" timestamp="2019-01-19T15:19:12">
  <properties>
    <property name="netbeans.autoupdate.country" value="FI" />
    <property name="javac.test.classpath" value=":build/classes:lib/assertj-core-3.9.1.jar:lib/edu-test-utils-0.4.2.jar:lib/hamcrest-core-1.3.jar:lib/junit-4.12.jar:lib/openjfx-monocle-8u76-b04.jar:lib/testfx-core-4.0.13-alpha.jar:lib/testfx-junit-4.0.13-alpha.jar" />
    <property name="ant.core.lib" value="C:\Program Files\tmcbeans\extide\ant\lib\ant.jar" />
    <property name="javadoc.windowtitle" value="" />
    <property name="user.dir" value="C:\Users\sonja\NetBeansProjects\mooc-2018-ohjelmointi-nodl\osa12-Osa12_14.VaalipuheenTarkastaja" />
    <property name="java.vm.version" value="25.191-b12" />
    <property name="libs.MySQLDriver.classpath" value="C:\Program Files\tmcbeans\ide\modules\ext\mysql-connector-java-5.1.23-bin.jar" />
    <property name="libs.eclipselinkmodelgen.src" value="" />
    <property name="javadoc.notree" value="false" />
    <property name="netbeans.autoupdate.version" value="1.23" />
    <property name="javac.profile.cmd.line.arg" value="" />
    <property name="jdk.home" value="C:\Program Files\Java\jdk1.8.0_191" />
    <property name="libs.javac-api.src" value="" />
    <property name="javadoc.noindex" value="false" />
    <property name="libs.jpa2-persistence.classpath" value="C:\Program Files\tmcbeans\java\modules\ext\hibernate4\hibernate-jpa-2.1-api-1.0.0.Final.jar" />
    <property name="sun.os.patch.level" value="" />
    <property name="do.archive+manifest.available" value="true" />
    <property name="java.vm.specification.name" value="Java Virtual Machine Specification" />
    <property name="netbeans.autoupdate.variant" value="" />
    <property name="have.tests" value="true" />
    <property name="org.xml.sax.driver" value="com.sun.org.apache.xerces.internal.jaxp.SAXParserImpl$JAXPSAXParser" />
    <property name="libs.hamcrest.classpath" value="C:\Program Files\tmcbeans\platform\modules\ext\hamcrest-core-1.3.jar" />
    <property name="libs.javac-api.javadoc" value="" />
    <property name="os.name" value="Windows 10" />
    <property name="libs.beans-binding.classpath" value="C:\Program Files\tmcbeans\java\modules\ext\beansbinding-1.2.1.jar" />
    <property name="ap.proc.none.internal" value="" />
    <property name="libs.JWSAntTasks.maven-pom" value="" />
    <property name="libs.testng.src" value="" />
    <property name="java.vendor.url.bug" value="http://bugreport.sun.com/bugreport/" />
    <property name="netbeans.user.dir" value="C:\Program Files\tmcbeans" />
    <property name="libs.jaxb.maven-pom" value="" />
    <property name="os.arch" value="amd64" />
    <property name="libs.eclipselink.src" value="" />
    <property name="user.name" value="sonja" />
    <property name="copylibs.rebase" value="true" />
    <property name="libs.swing-layout.maven-pom" value="" />
    <property name="sun.java.command" value="org.apache.tools.ant.taskdefs.optional.junit.JUnitTestRunner tarkastaja.B_VaalipuheenTarkastajaTest skipNonTests=false filtertrace=true haltOnError=false haltOnFailure=false showoutput=true outputtoformatters=true logfailedtests=true threadid=0 logtestlistenerevents=true formatter=org.apache.tools.ant.taskdefs.optional.junit.BriefJUnitResultFormatter formatter=org.apache.tools.ant.taskdefs.optional.junit.XMLJUnitResultFormatter,C:\Users\sonja\NetBeansProjects\mooc-2018-ohjelmointi-nodl\osa12-Osa12_14.VaalipuheenTarkastaja\build\test\results\TEST-tarkastaja.B_VaalipuheenTarkastajaTest.xml crashfile=C:\Users\sonja\NetBeansProjects\mooc-2018-ohjelmointi-nodl\osa12-Osa12_14.VaalipuheenTarkastaja\build\junitvmwatcher8456148969288235582.properties propsfile=C:\Users\sonja\NetBeansProjects\mooc-2018-ohjelmointi-nodl\osa12-Osa12_14.VaalipuheenTarkastaja\build\junit1143119071909495236.properties" />
    <property name="build.classes.dir" value="build/classes" />
    <property name="file.reference.edu-test-utils-0.4.2.jar" value="lib/edu-test-utils-0.4.2.jar" />
    <property name="file.reference.testfx-core-4.0.13-alpha.jar" value="lib/testfx-core-4.0.13-alpha.jar" />
    <property name="build.sysclasspath" value="ignore" />
    <property name="ap.supported.internal" value="true" />
    <property name="libs.jaxws21.javadoc" value="C:\Program Files\tmcbeans\java\docs\jaxws-api-doc.zip" />
    <property name="file.reference.junit-4.12.jar" value="lib/junit-4.12.jar" />
    <property name="includes" value="**" />
    <property name="user.country" value="FI" />
    <property name="manifest.file" value="manifest.mf" />
    <property name="javadoc.encoding" value="UTF-8" />
    <property name="javac.classpath" value="" />
    <property name="libs.spring-framework400.classpath" value="C:\Program Files\tmcbeans\ide\modules\org-apache-commons-logging.jar;C:\Program Files\tmcbeans\java\modules\ext\cglib-2.2.jar;C:\Program Files\tmcbeans\java\modules\ext\spring-4\spring-aop-4.0.1.RELEASE.jar;C:\Program Files\tmcbeans\java\modules\ext\spring-4\spring-aspects-4.0.1.RELEASE.jar;C:\Program Files\tmcbeans\java\modules\ext\spring-4\spring-beans-4.0.1.RELEASE.jar;C:\Program Files\tmcbeans\java\modules\ext\spring-4\spring-build-src-4.0.1.RELEASE.jar;C:\Program Files\tmcbeans\java\modules\ext\spring-4\spring-context-4.0.1.RELEASE.jar;C:\Program Files\tmcbeans\java\modules\ext\spring-4\spring-context-support-4.0.1.RELEASE.jar;C:\Program Files\tmcbeans\java\modules\ext\spring-4\spring-core-4.0.1.RELEASE.jar;C:\Program Files\tmcbeans\java\modules\ext\spring-4\spring-expression-4.0.1.RELEASE.jar;C:\Program Files\tmcbeans\java\modules\ext\spring-4\spring-framework-bom-4.0.1.RELEASE.jar;C:\Program Files\tmcbeans\java\modules\ext\spring-4\spring-instrument-4.0.1.RELEASE.jar;C:\Program Files\tmcbeans\java\modules\ext\spring-4\spring-instrument-tomcat-4.0.1.RELEASE.jar;C:\Program Files\tmcbeans\java\modules\ext\spring-4\spring-jdbc-4.0.1.RELEASE.jar;C:\Program Files\tmcbeans\java\modules\ext\spring-4\spring-jms-4.0.1.RELEASE.jar;C:\Program Files\tmcbeans\java\modules\ext\spring-4\spring-messaging-4.0.1.RELEASE.jar;C:\Program Files\tmcbeans\java\modules\ext\spring-4\spring-orm-4.0.1.RELEASE.jar;C:\Program Files\tmcbeans\java\modules\ext\spring-4\spring-oxm-4.0.1.RELEASE.jar;C:\Program Files\tmcbeans\java\modules\ext\spring-4\spring-test-4.0.1.RELEASE.jar;C:\Program Files\tmcbeans\java\modules\ext\spring-4\spring-tx-4.0.1.RELEASE.jar;C:\Program Files\tmcbeans\java\modules\ext\spring-4\spring-web-4.0.1.RELEASE.jar;C:\Program Files\tmcbeans\java\modules\ext\spring-4\spring-webmvc-4.0.1.RELEASE.jar;C:\Program Files\tmcbeans\java\modules\ext\spring-4\spring-webmvc-portlet-4.0.1.RELEASE.jar;C:\Program Files\tmcbeans\java\modules\ext\spring-4\spring-websocket-4.0.1.RELEASE.jar" />
    <property name="debug-transport" value="dt_shmem" />
    <property name="netbeans.home" value="C:\Program Files\tmcbeans\platform" />
    <property name="build.compiler.emacs" value="true" />
    <property name="java.endorsed.dirs" value="C:\Program Files\Java\jdk1.8.0_191\jre\lib\endorsed" />
    <property name="netbeans.dynamic.classpath" value="C:\Users\sonja\AppData\Roaming\.tmcbeans\8.2.0\core\org-openide-filesystems.jar;C:\Users\sonja\AppData\Roaming\.tmcbeans\8.2.0\core\locale\org-openide-filesystems_ja.jar;C:\Users\sonja\AppData\Roaming\.tmcbeans\8.2.0\core\locale\org-openide-filesystems_pt_BR.jar;C:\Users\sonja\AppData\Roaming\.tmcbeans\8.2.0\core\locale\org-openide-filesystems_ru.jar;C:\Users\sonja\AppData\Roaming\.tmcbeans\8.2.0\core\locale\org-openide-filesystems_zh_CN.jar;C:\Program Files\tmcbeans\platform\core\asm-all-5.0.1.jar;C:\Program Files\tmcbeans\platform\core\core-base.jar;C:\Program Files\tmcbeans\platform\core\core.jar;C:\Program Files\tmcbeans\platform\core\org-netbeans-libs-asm.jar;C:\Program Files\tmcbeans\platform\core\org-openide-filesystems-compat8.jar;C:\Program Files\tmcbeans\platform\core\locale\core-base_ja.jar;C:\Program Files\tmcbeans\platform\core\locale\core-base_pt_BR.jar;C:\Program Files\tmcbeans\platform\core\locale\core-base_ru.jar;C:\Program Files\tmcbeans\platform\core\locale\core-base_zh_CN.jar;C:\Program Files\tmcbeans\platform\core\locale\core_ja.jar;C:\Program Files\tmcbeans\platform\core\locale\core_pt_BR.jar;C:\Program Files\tmcbeans\platform\core\locale\core_ru.jar;C:\Program Files\tmcbeans\platform\core\locale\core_zh_CN.jar;C:\Program Files\tmcbeans\platform\core\locale\org-netbeans-libs-asm_ja.jar;C:\Program Files\tmcbeans\platform\core\locale\org-netbeans-libs-asm_pt_BR.jar;C:\Program Files\tmcbeans\platform\core\locale\org-netbeans-libs-asm_ru.jar;C:\Program Files\tmcbeans\platform\core\locale\org-netbeans-libs-asm_zh_CN.jar;C:\Program Files\tmcbeans\platform\core\locale\org-openide-filesystems-compat8_ja.jar;C:\Program Files\tmcbeans\platform\core\locale\org-openide-filesystems-compat8_pt_BR.jar;C:\Program Files\tmcbeans\platform\core\locale\org-openide-filesystems-compat8_ru.jar;C:\Program Files\tmcbeans\platform\core\locale\org-openide-filesystems-compat8_zh_CN.jar;C:\Program Files\tmcbeans\tmcbeans\core\locale\core_tmcbeans.jar;C:\Program Files\tmcbeans\nb\core\org-netbeans-upgrader.jar;C:\Program Files\tmcbeans\nb\core\locale\org-netbeans-upgrader_ja.jar;C:\Program Files\tmcbeans\nb\core\locale\org-netbeans-upgrader_pt_BR.jar;C:\Program Files\tmcbeans\nb\core\locale\org-netbeans-upgrader_ru.jar;C:\Program Files\tmcbeans\nb\core\locale\org-netbeans-upgrader_zh_CN.jar" />
    <property name="java.vm.specification.version" value="1.8" />
    <property name="libs.hibernate4-support.src" value="" />
    <property name="netbeans.productversion" value="Netbeans with TMC 201705191307" />
    <property name="libs.jaxws21.src" value="" />
    <property name="application.title" value="Osa12_14.VaalipuheenTarkastaja" />
    <property name="do.archive" value="true" />
    <property name="netbeans.autoupdate.language" value="fi" />
    <property name="java.vendor" value="Oracle Corporation" />
    <property name="jar.index.metainf" value="false" />
    <property name="javac.debug" value="true" />
    <property name="javadoc.splitindex" value="true" />
    <property name="file.separator" value="\" />
    <property name="libs.junit_4.maven-pom" value="" />
    <property name="mkdist.disabled" value="false" />
    <property name="javac.test.processorpath" value=":build/classes:lib/assertj-core-3.9.1.jar:lib/edu-test-utils-0.4.2.jar:lib/hamcrest-core-1.3.jar:lib/junit-4.12.jar:lib/openjfx-monocle-8u76-b04.jar:lib/testfx-core-4.0.13-alpha.jar:lib/testfx-junit-4.0.13-alpha.jar" />
    <property name="netbeans.buildnumber" value="1.2.2" />
    <property name="libs.JWSAntTasks.javadoc" value="" />
    <property name="build.generated.sources.dir" value="build/generated-sources" />
    <property name="user.variant" value="" />
    <property name="libs.eclipselinkmodelgen.classpath" value="C:\Program Files\tmcbeans\java\modules\ext\eclipselink\org.eclipse.persistence.jpa.modelgen_2.5.2.v20140319-9ad6abd.jar" />
    <property name="sun.java.launcher" value="SUN_STANDARD" />
    <property name="file.reference.openjfx-monocle-8u76-b04.jar" value="lib/openjfx-monocle-8u76-b04.jar" />
    <property name="libs.hibernate4-persistencemodelgen.javadoc" value="" />
    <property name="libs.jaxb.javadoc" value="C:\Program Files\tmcbeans\ide\docs\jaxb-api-doc.zip" />
    <property name="ant.home" value="C:\Program Files\tmcbeans\extide\ant" />
    <property name="libs.junit_4.src" value="C:\Program Files\tmcbeans\platform\docs\junit-4.12-sources.jar" />
    <property name="libs.testng.classpath" value="C:\Program Files\tmcbeans\platform\modules\ext\testng-6.8.1-dist.jar" />
    <property name="libs.absolutelayout.maven-pom" value="" />
    <property name="ant.java.version" value="1.8" />
    <property name="java.library.path" value="C:\Program Files\Java\jdk1.8.0_191\jre\bin;C:\WINDOWS\Sun\Java\bin;C:\WINDOWS\system32;C:\WINDOWS;C:\Program Files (x86)\Common Files\Oracle\Java\javapath;C:\Program Files (x86)\Intel\Intel(R) Management Engine Components\iCLS\;C:\Program Files\Intel\Intel(R) Management Engine Components\iCLS\;C:\Windows\system32;C:\Windows;C:\Windows\System32\Wbem;C:\Windows\System32\WindowsPowerShell\v1.0\;C:\Program Files (x86)\Intel\Intel(R) Management Engine Components\DAL;C:\Program Files\Intel\Intel(R) Management Engine Components\DAL;C:\Program Files (x86)\Intel\Intel(R) Management Engine Components\IPT;C:\Program Files\Intel\Intel(R) Management Engine Components\IPT;C:\Program Files (x86)\NVIDIA Corporation\PhysX\Common;C:\Program Files\Intel\WiFi\bin\;C:\Program Files\Common Files\Intel\WirelessCommon\;C:\WINDOWS\system32;C:\WINDOWS;C:\WINDOWS\System32\Wbem;C:\WINDOWS\System32\WindowsPowerShell\v1.0\;C:\WINDOWS\System32\OpenSSH\;C:\Program Files\leJOS EV3\bin;C:\Users\sonja\AppData\Local\Microsoft\WindowsApps;;." />
    <property name="javadoc.author" value="false" />
    <property name="java.util.logging.config.class" value="org.netbeans.core.startup.TopLogging" />
    <property name="libs.spring-framework400.src" value="" />
    <property name="libs.PostgreSQLDriver.src" value="" />
    <property name="ant.file.VaalipuheenTarkastaja" value="C:\Users\sonja\NetBeansProjects\mooc-2018-ohjelmointi-nodl\osa12-Osa12_14.VaalipuheenTarkastaja\build.xml" />
    <property name="sun.arch.data.model" value="64" />
    <property name="basedir" value="C:\Users\sonja\NetBeansProjects\mooc-2018-ohjelmointi-nodl\osa12-Osa12_14.VaalipuheenTarkastaja" />
    <property name="libs.jpa20-persistence.maven-pom" value="" />
    <property name="jar.compress" value="false" />
    <property name="path.separator" value=";" />
    <property name="ant.junit.enabletestlistenerevents" value="true" />
    <property name="sun.io.unicode.encoding" value="UnicodeLittle" />
    <property name="libs.jaxws21.classpath" value="C:\Program Files\tmcbeans\ide\modules\ext\jaxb\jaxb-impl.jar;C:\Program Files\tmcbeans\ide\modules\ext\jaxb\jaxb-xjc.jar;C:\Program Files\tmcbeans\java\modules\ext\jaxws22\FastInfoset.jar;C:\Program Files\tmcbeans\java\modules\ext\jaxws22\gmbal-api-only.jar;C:\Program Files\tmcbeans\java\modules\ext\jaxws22\ha-api.jar;C:\Program Files\tmcbeans\java\modules\ext\jaxws22\javax.mail_1.4.jar;C:\Program Files\tmcbeans\java\modules\ext\jaxws22\jaxws-rt.jar;C:\Program Files\tmcbeans\java\modules\ext\jaxws22\jaxws-tools.jar;C:\Program Files\tmcbeans\java\modules\ext\jaxws22\management-api.jar;C:\Program Files\tmcbeans\java\modules\ext\jaxws22\mimepull.jar;C:\Program Files\tmcbeans\java\modules\ext\jaxws22\policy.jar;C:\Program Files\tmcbeans\java\modules\ext\jaxws22\saaj-impl.jar;C:\Program Files\tmcbeans\java\modules\ext\jaxws22\stax-ex.jar;C:\Program Files\tmcbeans\java\modules\ext\jaxws22\stax2-api.jar;C:\Program Files\tmcbeans\java\modules\ext\jaxws22\streambuffer.jar;C:\Program Files\tmcbeans\java\modules\ext\jaxws22\woodstox-core-asl.jar;C:\Program Files\tmcbeans\java\modules\ext\jaxws22\api\jaxws-api.jar;C:\Program Files\tmcbeans\java\modules\ext\jaxws22\api\jsr181-api.jar;C:\Program Files\tmcbeans\java\modules\ext\jaxws22\api\javax.annotation.jar;C:\Program Files\tmcbeans\java\modules\ext\jaxws22\api\saaj-api.jar;C:\Program Files\tmcbeans\ide\modules\ext\jaxb\activation.jar;C:\Program Files\tmcbeans\ide\modules\ext\jaxb\api\jaxb-api.jar;C:\Program Files\tmcbeans\ide\modules\ext\jaxb\api\jsr173_1.0_api.jar" />
    <property name="apple.awt.graphics.UseQuartz" value="true" />
    <property name="user.language" value="fi" />
    <property name="testng.mode" value="testng" />
    <property name="libs.JAXB-ENDORSED.maven-pom" value="" />
    <property name="libs.eclipselink.maven-pom" value="" />
    <property name="application.vendor" value="avihavai" />
    <property name="test.binaryincludes" value="&lt;nothing&gt;" />
    <property name="ant.file.type.Viikko05_091.JoukkueetJaPelaajat-impl" value="file" />
    <property name="manifest.available" value="true" />
    <property name="libs.spring-framework300.maven-pom" value="" />
    <property name="run.test.classpath" value=":build/classes:lib/assertj-core-3.9.1.jar:lib/edu-test-utils-0.4.2.jar:lib/hamcrest-core-1.3.jar:lib/junit-4.12.jar:lib/openjfx-monocle-8u76-b04.jar:lib/testfx-core-4.0.13-alpha.jar:lib/testfx-junit-4.0.13-alpha.jar:build/test/classes:lib/openjfx-monocle-8u76-b04.jar" />
    <property name="ant.project.invoked-targets" value="test" />
    <property name="test.binaryexcludes" value="" />
    <property name="libs.swing-layout.javadoc" value="C:\Program Files\tmcbeans\platform\docs\swing-layout-1.0.4-doc.zip" />
    <property name="libs.hibernate4-persistence.maven-pom" value="" />
    <property name="https.nonProxyHosts" value="localhost|127.0.0.1|LAPTOP-0AUPKKC1" />
    <property name="libs.PostgreSQLDriver.maven-pom" value="" />
    <property name="java.class.version" value="52.0" />
    <property name="libs.hibernate4-persistencemodelgen.maven-pom" value="" />
    <property name="libs.eclipselink.javadoc" value="C:\Program Files\tmcbeans\java\modules\ext\docs\javax.persistence-2.1.0-doc.zip" />
    <property name="user.properties.file" value="C:\Users\sonja\AppData\Roaming\.tmcbeans\8.2.0\build.properties" />
    <property name="runtime.encoding" value="UTF-8" />
    <property name="libs.javac-api.maven-pom" value="" />
    <property name="file.encoding.pkg" value="sun.io" />
    <property name="sun.cpu.endian" value="little" />
    <property name="libs.JAXB-ENDORSED.javadoc" value="" />
    <property name="libs.JWSAntTasks.classpath" value="C:\Program Files\tmcbeans\java\ant\extra\org-netbeans-modules-javawebstart-anttasks.jar" />
    <property name="libs.spring-framework300.src" value="" />
    <property name="empty.dir" value="C:\Users\sonja\NetBeansProjects\mooc-2018-ohjelmointi-nodl\osa12-Osa12_14.VaalipuheenTarkastaja\build\empty" />
    <property name="version-output" value="java version &quot;1.8" />
    <property name="test.binarytestincludes" value="" />
    <property name="libs.hibernate4-persistencemodelgen.src" value="" />
    <property name="javadoc.preview" value="true" />
    <property name="libs.jpa20-persistence.javadoc" value="C:\Program Files\tmcbeans\java\modules\ext\docs\javax.persistence-2.1.0-doc.zip" />
    <property name="java.home" value="C:\Program Files\Java\jdk1.8.0_191\jre" />
    <property name="debug.test.classpath" value=":build/classes:lib/assertj-core-3.9.1.jar:lib/edu-test-utils-0.4.2.jar:lib/hamcrest-core-1.3.jar:lib/junit-4.12.jar:lib/openjfx-monocle-8u76-b04.jar:lib/testfx-core-4.0.13-alpha.jar:lib/testfx-junit-4.0.13-alpha.jar:build/test/classes:lib/openjfx-monocle-8u76-b04.jar" />
    <property name="ant.project.default-target" value="default" />
    <property name="annotation.processing.run.all.processors" value="true" />
    <property name="file.reference.testfx-junit-4.0.13-alpha.jar" value="lib/testfx-junit-4.0.13-alpha.jar" />
    <property name="libs.PostgreSQLDriver.javadoc" value="" />
    <property name="libs.MySQLDriver.maven-pom" value="" />
    <property name="libs.hibernate4-persistence.javadoc" value="C:\Program Files\tmcbeans\java\modules\ext\docs\javax.persistence-2.1.0-doc.zip" />
    <property name="http.nonProxyHosts" value="localhost|127.0.0.1|LAPTOP-0AUPKKC1" />
    <property name="libs.junit_4.javadoc" value="C:\Program Files\tmcbeans\platform\docs\junit-4.12-javadoc.jar" />
    <property name="run.classpath" value=":build/classes:lib/openjfx-monocle-8u76-b04.jar" />
    <property name="jna.boot.library.name" value="jnidispatch-422" />
    <property name="sun.awt.datatransfer.timeout" value="1000" />
    <property name="libs.jpa2-persistence.maven-pom" value="" />
    <property name="annotation.processing.enabled.in.editor" value="false" />
    <property name="libs.hibernate4-support.classpath" value="C:\Program Files\tmcbeans\java\modules\ext\hibernate4\antlr-2.7.7.jar;C:\Program Files\tmcbeans\java\modules\ext\hibernate4\c3p0-0.9.2.1.jar;C:\Program Files\tmcbeans\java\modules\ext\hibernate4\hibernate-c3p0-4.3.1.Final.jar;C:\Program Files\tmcbeans\java\modules\ext\hibernate4\mchange-commons-java-0.2.3.4.jar;C:\Program Files\tmcbeans\java\modules\ext\hibernate4\dom4j-1.6.1.jar;C:\Program Files\tmcbeans\java\modules\ext\hibernate4\ehcache-core-2.4.3.jar;C:\Program Files\tmcbeans\java\modules\ext\hibernate4\hibernate-ehcache-4.3.1.Final.jar;C:\Program Files\tmcbeans\java\modules\ext\hibernate4\hibernate-core-4.3.1.Final.jar;C:\Program Files\tmcbeans\java\modules\ext\hibernate4\jboss-logging-3.1.3.GA.jar;C:\Program Files\tmcbeans\java\modules\ext\hibernate4\hibernate-commons-annotations-4.0.4.Final.jar;C:\Program Files\tmcbeans\java\modules\ext\hibernate4\hibernate-entitymanager-4.3.1.Final.jar;C:\Program Files\tmcbeans\java\modules\ext\hibernate4\javassist-3.18.1-GA.jar;C:\Program Files\tmcbeans\java\modules\ext\hibernate4\jboss-transaction-api_1.2_spec-1.0.0.Final.jar;C:\Program Files\tmcbeans\java\modules\ext\hibernate4\slf4j-api-1.6.1.jar;C:\Program Files\tmcbeans\java\modules\ext\hibernate4\slf4j-simple-1.6.1.jar" />
    <property name="nb.native.filechooser" value="false" />
    <property name="sun.management.compiler" value="HotSpot 64-Bit Tiered Compilers" />
    <property name="javac.deprecation" value="false" />
    <property name="javadoc.use" value="true" />
    <property name="sun.java2d.noddraw" value="true" />
    <property name="javac.processorpath" value="" />
    <property name="libs.hamcrest.maven-pom" value="" />
    <property name="javac.compilerargs" value="" />
    <property name="ant.file" value="C:\Users\sonja\NetBeansProjects\mooc-2018-ohjelmointi-nodl\osa12-Osa12_14.VaalipuheenTarkastaja\build.xml" />
    <property name="libs.beans-binding.maven-pom" value="" />
    <property name="libs.hibernate4-support.javadoc" value="C:\Program Files\tmcbeans\java\modules\ext\docs\javax.persistence-2.1.0-doc.zip" />
    <property name="libs.beans-binding.src" value="" />
    <property name="java.vm.specification.vendor" value="Oracle Corporation" />
    <property name="libs.swing-layout.src" value="C:\Program Files\tmcbeans\platform\docs\swing-layout-1.0.4-src.zip" />
    <property name="org.openide.major.version" value="IDE/1" />
    <property name="java.vm.name" value="Java HotSpot(TM) 64-Bit Server VM" />
    <property name="netbeans.user" value="C:\Users\sonja\AppData\Roaming\.tmcbeans\8.2.0" />
    <property name="tests.failed" value="true" />
    <property name="javadoc.additionalparam" value="" />
    <property name="java.io.tmpdir" value="C:\Users\sonja\AppData\Local\Temp\" />
    <property name="java.vendor.url" value="http://java.oracle.com/" />
    <property name="endorsed.classpath.cmd.line.arg" value="" />
    <property name="jna.loaded" value="true" />
    <property name="junit.available" value="true" />
    <property name="sun.boot.library.path" value="C:\Program Files\Java\jdk1.8.0_191\jre\bin" />
    <property name="have.sources" value="true" />
    <property name="libs.hamcrest.javadoc" value="" />
    <property name="debug.classpath" value=":build/classes:lib/openjfx-monocle-8u76-b04.jar" />
    <property name="javac.external.vm" value="false" />
    <property name="javadoc.private" value="false" />
    <property name="test.src.dir" value="test" />
    <property name="ap.processors.internal" value="" />
    <property name="meta.inf.dir" value="src/META-INF" />
    <property name="javadoc.encoding.used" value="UTF-8" />
    <property name="dist.jar" value="dist/Osa12_14.VaalipuheenTarkastaja.jar" />
    <property name="libs.spring-framework400.maven-pom" value="" />
    <property name="java.runtime.name" value="Java(TM) SE Runtime Environment" />
    <property name="ant.project.name" value="VaalipuheenTarkastaja" />
    <property name="netbeans.hash.code" value="unique=0e25f5f4d-5c98-4180-beb7-71b0a533af41_ab655254-6f1f-4638-b30c-21e19ba32703" />
    <property name="netbeans.default_userdir_root" value="" />
    <property name="sun.cpu.isalist" value="amd64" />
    <property name="libs.spring-framework400.javadoc" value="" />
    <property name="libs.CopyLibs.javadoc" value="" />
    <property name="org.openide.specification.version" value="6.2" />
    <property name="user.home" value="C:\Users\sonja" />
    <property name="annotation.processing.processors.list" value="" />
    <property name="debug-args-line" value="-Xdebug" />
    <property name="libs.JWSAntTasks.src" value="" />
    <property name="jar.index" value="false" />
    <property name="libs.CopyLibs.maven-pom" value="" />
    <property name="libs.spring-framework300.javadoc" value="" />
    <property name="libs.absolutelayout.javadoc" value="" />
    <property name="java.specification.name" value="Java Platform API Specification" />
    <property name="do.archive+main.class.available" value="true" />
    <property name="java.specification.vendor" value="Oracle Corporation" />
    <property name="libs.javac-api.classpath" value="C:\Program Files\tmcbeans\java\modules\ext\nb-javac-api.jar" />
    <property name="java.version" value="1.8.0_191" />
    <property name="run.jvmargs.ide" value="" />
    <property name="javadoc.version" value="false" />
    <property name="libs.MySQLDriver.javadoc" value="" />
    <property name="org.openide.version" value="deprecated" />
    <property name="platform.java" value="C:\Program Files\Java\jdk1.8.0_191\jre/bin/java" />
    <property name="source.encoding" value="UTF-8" />
    <property name="ap.cmd.line.internal" value="" />
    <property name="libs.eclipselinkmodelgen.maven-pom" value="" />
    <property name="libs.eclipselinkmodelgen.javadoc" value="" />
    <property name="netbeans.home+have.tests" value="true" />
    <property name="annotation.processing.processor.options" value="" />
    <property name="libs.testng.maven-pom" value="" />
    <property name="libs.jaxb.src" value="" />
    <property name="jdk.launcher.addexports.5" value="java.management/sun.management=ALL-UNNAMED" />
    <property name="jdk.launcher.addexports.4" value="java.desktop/com.sun.java.swing.plaf.windows=ALL-UNNAMED" />
    <property name="jdk.launcher.addexports.3" value="java.desktop/sun.awt.im=ALL-UNNAMED" />
    <property name="work.dir" value="C:\Users\sonja\NetBeansProjects\mooc-2018-ohjelmointi-nodl\osa12-Osa12_14.VaalipuheenTarkastaja" />
    <property name="jdk.launcher.addexports.2" value="java.desktop/java.awt.peer=ALL-UNNAMED" />
    <property name="libs.jaxb.classpath" value="C:\Program Files\tmcbeans\ide\modules\ext\jaxb\jaxb-impl.jar;C:\Program Files\tmcbeans\ide\modules\ext\jaxb\jaxb-xjc.jar;C:\Program Files\tmcbeans\ide\modules\ext\jaxb\jaxb1-impl.jar;C:\Program Files\tmcbeans\ide\modules\ext\jaxb\activation.jar;C:\Program Files\tmcbeans\ide\modules\ext\jaxb\api\jaxb-api.jar;C:\Program Files\tmcbeans\ide\modules\ext\jaxb\api\jsr173_1.0_api.jar" />
    <property name="jdk.launcher.addexports.1" value="java.base/jdk.internal.jrtfs=ALL-UNNAMED" />
    <property name="jdk.launcher.addexports.0" value="java.desktop/sun.awt=ALL-UNNAMED" />
    <property name="do.depend" value="false" />
    <property name="dist.javadoc.dir" value="dist/javadoc" />
    <property name="libs.swing-layout.classpath" value="C:\Program Files\tmcbeans\platform\modules\ext\swing-layout-1.0.4.jar" />
    <property name="ant.file.type.VaalipuheenTarkastaja" value="file" />
    <property name="build.generated.dir" value="build/generated" />
    <property name="javac.source" value="1.8" />
    <property name="line.separator" value="&#xd;&#xa;" />
    <property name="java.specification.version" value="1.8" />
    <property name="libs.jaxws21.maven-pom" value="" />
    <property name="java.vm.info" value="mixed mode" />
    <property name="nb.junit.batch" value="true" />
    <property name="junit.forkmode" value="perTest" />
    <property name="file.reference.hamcrest-core-1.3.jar" value="lib/hamcrest-core-1.3.jar" />
    <property name="sun.boot.class.path" value="C:\Program Files\Java\jdk1.8.0_191\jre\lib\resources.jar;C:\Program Files\Java\jdk1.8.0_191\jre\lib\rt.jar;C:\Program Files\Java\jdk1.8.0_191\jre\lib\sunrsasign.jar;C:\Program Files\Java\jdk1.8.0_191\jre\lib\jsse.jar;C:\Program Files\Java\jdk1.8.0_191\jre\lib\jce.jar;C:\Program Files\Java\jdk1.8.0_191\jre\lib\charsets.jar;C:\Program Files\Java\jdk1.8.0_191\jre\lib\jfr.jar;C:\Program Files\Java\jdk1.8.0_191\jre\classes" />
    <property name="javac.target" value="1.8" />
    <property name="built-jar.properties" value="C:\Users\sonja\NetBeansProjects\mooc-2018-ohjelmointi-nodl\osa12-Osa12_14.VaalipuheenTarkastaja\build\built-jar.properties" />
    <property name="build.test.classes.dir" value="build/test/classes" />
    <property name="src.dir" value="src" />
    <property name="annotation.processing.enabled" value="true" />
    <property name="libs.jpa2-persistence.src" value="" />
    <property name="sun.awt.keepWorkingSetOnMinimize" value="true" />
    <property name="libs.jpa20-persistence.src" value="" />
    <property name="ignore.failing.tests" value="true" />
    <property name="dist.dir" value="dist" />
    <property name="testng.debug.mode" value="" />
    <property name="javac.fork" value="false" />
    <property name="java.awt.printerjob" value="sun.awt.windows.WPrinterJob" />
    <property name="default.javac.source" value="1.8" />
    <property name="debug-transport-by-os" value="dt_shmem" />
    <property name="libs.MySQLDriver.src" value="" />
    <property name="sun.jnu.encoding" value="Cp1252" />
    <property name="java.runtime.version" value="1.8.0_191-b12" />
    <property name="build.test.results.dir" value="build/test/results" />
    <property name="default.javac.target" value="1.8" />
    <property name="libs.junit_4.classpath" value="C:\Program Files\tmcbeans\platform\modules\ext\junit-4.12.jar" />
    <property name="file.reference.assertj-core-3.9.1.jar" value="lib/assertj-core-3.9.1.jar" />
    <property name="user.timezone" value="" />
    <property name="nb.junit.single" value="false" />
    <property name="netbeans.dirs" value="C:\Program Files\tmcbeans\tmcbeans;C:\Program Files\tmcbeans\cnd;C:\Program Files\tmcbeans\dlight;C:\Program Files\tmcbeans\extide;C:\Program Files\tmcbeans\harness;C:\Program Files\tmcbeans\ide;C:\Program Files\tmcbeans\java;C:\Program Files\tmcbeans\javafx;C:\Program Files\tmcbeans\nb;C:\Program Files\tmcbeans\webcommon;C:\Program Files\tmcbeans\websvccommon;C:\Program Files\tmcbeans\mavenmodules" />
    <property name="java.ext.dirs" value="C:\Program Files\Java\jdk1.8.0_191\jre\lib\ext;C:\WINDOWS\Sun\Java\lib\ext" />
    <property name="endorsed.classpath" value="" />
    <property name="libs.absolutelayout.classpath" value="C:\Program Files\tmcbeans\java\modules\ext\AbsoluteLayout.jar" />
    <property name="excludes" value="" />
    <property name="libs.jpa2-persistence.javadoc" value="C:\Program Files\tmcbeans\java\modules\ext\docs\javax.persistence-2.1.0-doc.zip" />
    <property name="java.class.path" value="C:\Users\sonja\NetBeansProjects\mooc-2018-ohjelmointi-nodl\osa12-Osa12_14.VaalipuheenTarkastaja\build\classes;C:\Users\sonja\NetBeansProjects\mooc-2018-ohjelmointi-nodl\osa12-Osa12_14.VaalipuheenTarkastaja\lib\assertj-core-3.9.1.jar;C:\Users\sonja\NetBeansProjects\mooc-2018-ohjelmointi-nodl\osa12-Osa12_14.VaalipuheenTarkastaja\lib\edu-test-utils-0.4.2.jar;C:\Users\sonja\NetBeansProjects\mooc-2018-ohjelmointi-nodl\osa12-Osa12_14.VaalipuheenTarkastaja\lib\hamcrest-core-1.3.jar;C:\Users\sonja\NetBeansProjects\mooc-2018-ohjelmointi-nodl\osa12-Osa12_14.VaalipuheenTarkastaja\lib\junit-4.12.jar;C:\Users\sonja\NetBeansProjects\mooc-2018-ohjelmointi-nodl\osa12-Osa12_14.VaalipuheenTarkastaja\lib\openjfx-monocle-8u76-b04.jar;C:\Users\sonja\NetBeansProjects\mooc-2018-ohjelmointi-nodl\osa12-Osa12_14.VaalipuheenTarkastaja\lib\testfx-core-4.0.13-alpha.jar;C:\Users\sonja\NetBeansProjects\mooc-2018-ohjelmointi-nodl\osa12-Osa12_14.VaalipuheenTarkastaja\lib\testfx-junit-4.0.13-alpha.jar;C:\Users\sonja\NetBeansProjects\mooc-2018-ohjelmointi-nodl\osa12-Osa12_14.VaalipuheenTarkastaja\build\test\classes;C:\Program Files\tmcbeans\extide\ant\lib\ant-launcher.jar;C:\Program Files\tmcbeans\extide\ant\lib\ant.jar;C:\Program Files\tmcbeans\extide\ant\lib\ant-junit.jar;C:\Program Files\tmcbeans\extide\ant\lib\ant-junit4.jar" />
    <property name="apple.laf.useScreenMenuBar" value="true" />
    <property name="do.mkdist" value="true" />
    <property name="libs.absolutelayout.src" value="" />
    <property name="libs.jpa20-persistence.classpath" value="C:\Program Files\tmcbeans\java\modules\ext\eclipselink\javax.persistence_2.1.0.v201304241213.jar" />
    <property name="os.version" value="10.0" />
    <property name="application.args" value="" />
    <property name="ant.file.Viikko05_091.JoukkueetJaPelaajat-impl" value="C:\Users\sonja\NetBeansProjects\mooc-2018-ohjelmointi-nodl\osa12-Osa12_14.VaalipuheenTarkastaja\nbproject\build-impl.xml" />
    <property name="sun.awt.enableExtraMouseButtons" value="true" />
    <property name="main.class.available" value="true" />
    <property name="sun.desktop" value="windows" />
    <property name="libs.hibernate4-persistence.src" value="" />
    <property name="libs.hibernate4-support.maven-pom" value="" />
    <property name="nb.internal.action.name" value="test" />
    <property name="libs.JAXB-ENDORSED.classpath" value="C:\Program Files\tmcbeans\ide\modules\ext\jaxb\api\jaxb-api.jar" />
    <property name="libs.eclipselink.classpath" value="C:\Program Files\tmcbeans\java\modules\ext\eclipselink\eclipselink.jar;C:\Program Files\tmcbeans\java\modules\ext\eclipselink\javax.persistence_2.1.0.v201304241213.jar;C:\Program Files\tmcbeans\java\modules\ext\eclipselink\org.eclipse.persistence.jpa.jpql_2.5.2.v20140319-9ad6abd.jar" />
    <property name="libs.beans-binding.javadoc" value="C:\Program Files\tmcbeans\java\docs\beansbinding-1.2.1-doc.zip" />
    <property name="java.awt.graphicsenv" value="sun.awt.Win32GraphicsEnvironment" />
    <property name="java.vm.vendor" value="Oracle Corporation" />
    <property name="libs.CopyLibs.classpath" value="C:\Program Files\tmcbeans\java\ant\extra\org-netbeans-modules-java-j2seproject-copylibstask.jar" />
    <property name="libs.spring-framework300.classpath" value="C:\Program Files\tmcbeans\ide\modules\org-apache-commons-logging.jar;C:\Program Files\tmcbeans\java\modules\ext\cglib-2.2.jar;C:\Program Files\tmcbeans\java\modules\ext\spring-3.0\spring-aop-3.2.7.RELEASE.jar;C:\Program Files\tmcbeans\java\modules\ext\spring-3.0\spring-aspects-3.2.7.RELEASE.jar;C:\Program Files\tmcbeans\java\modules\ext\spring-3.0\spring-beans-3.2.7.RELEASE.jar;C:\Program Files\tmcbeans\java\modules\ext\spring-3.0\spring-build-src-3.2.7.RELEASE.jar;C:\Program Files\tmcbeans\java\modules\ext\spring-3.0\spring-context-3.2.7.RELEASE.jar;C:\Program Files\tmcbeans\java\modules\ext\spring-3.0\spring-context-support-3.2.7.RELEASE.jar;C:\Program Files\tmcbeans\java\modules\ext\spring-3.0\spring-core-3.2.7.RELEASE.jar;C:\Program Files\tmcbeans\java\modules\ext\spring-3.0\spring-expression-3.2.7.RELEASE.jar;C:\Program Files\tmcbeans\java\modules\ext\spring-3.0\spring-framework-bom-3.2.7.RELEASE.jar;C:\Program Files\tmcbeans\java\modules\ext\spring-3.0\spring-instrument-3.2.7.RELEASE.jar;C:\Program Files\tmcbeans\java\modules\ext\spring-3.0\spring-instrument-tomcat-3.2.7.RELEASE.jar;C:\Program Files\tmcbeans\java\modules\ext\spring-3.0\spring-jdbc-3.2.7.RELEASE.jar;C:\Program Files\tmcbeans\java\modules\ext\spring-3.0\spring-jms-3.2.7.RELEASE.jar;C:\Program Files\tmcbeans\java\modules\ext\spring-3.0\spring-orm-3.2.7.RELEASE.jar;C:\Program Files\tmcbeans\java\modules\ext\spring-3.0\spring-oxm-3.2.7.RELEASE.jar;C:\Program Files\tmcbeans\java\modules\ext\spring-3.0\spring-struts-3.2.7.RELEASE.jar;C:\Program Files\tmcbeans\java\modules\ext\spring-3.0\spring-test-3.2.7.RELEASE.jar;C:\Program Files\tmcbeans\java\modules\ext\spring-3.0\spring-tx-3.2.7.RELEASE.jar;C:\Program Files\tmcbeans\java\modules\ext\spring-3.0\spring-web-3.2.7.RELEASE.jar;C:\Program Files\tmcbeans\java\modules\ext\spring-3.0\spring-webmvc-3.2.7.RELEASE.jar;C:\Program Files\tmcbeans\java\modules\ext\spring-3.0\spring-webmvc-portlet-3.2.7.RELEASE.jar" />
    <property name="libs.hamcrest.src" value="" />
    <property name="run.jvmargs" value="" />
    <property name="libs.hibernate4-persistence.classpath" value="C:\Program Files\tmcbeans\java\modules\ext\hibernate4\antlr-2.7.7.jar;C:\Program Files\tmcbeans\java\modules\ext\hibernate4\c3p0-0.9.2.1.jar;C:\Program Files\tmcbeans\java\modules\ext\hibernate4\hibernate-c3p0-4.3.1.Final.jar;C:\Program Files\tmcbeans\java\modules\ext\hibernate4\mchange-commons-java-0.2.3.4.jar;C:\Program Files\tmcbeans\java\modules\ext\hibernate4\dom4j-1.6.1.jar;C:\Program Files\tmcbeans\java\modules\ext\hibernate4\ehcache-core-2.4.3.jar;C:\Program Files\tmcbeans\java\modules\ext\hibernate4\hibernate-ehcache-4.3.1.Final.jar;C:\Program Files\tmcbeans\java\modules\ext\hibernate4\hibernate-core-4.3.1.Final.jar;C:\Program Files\tmcbeans\java\modules\ext\hibernate4\jboss-logging-3.1.3.GA.jar;C:\Program Files\tmcbeans\java\modules\ext\hibernate4\hibernate-commons-annotations-4.0.4.Final.jar;C:\Program Files\tmcbeans\java\modules\ext\hibernate4\hibernate-entitymanager-4.3.1.Final.jar;C:\Program Files\tmcbeans\java\modules\ext\hibernate4\javassist-3.18.1-GA.jar;C:\Program Files\tmcbeans\java\modules\ext\hibernate4\jboss-transaction-api_1.2_spec-1.0.0.Final.jar;C:\Program Files\tmcbeans\java\modules\ext\hibernate4\slf4j-api-1.6.1.jar;C:\Program Files\tmcbeans\java\modules\ext\hibernate4\slf4j-simple-1.6.1.jar;C:\Program Files\tmcbeans\java\modules\ext\hibernate4\hibernate-jpa-2.1-api-1.0.0.Final.jar" />
    <property name="libs.JAXB-ENDORSED.src" value="" />
    <property name="libs.testng.javadoc" value="C:\Program Files\tmcbeans\platform\docs\testng-6.8.1-javadoc.zip" />
    <property name="user.script" value="" />
    <property name="libs.PostgreSQLDriver.classpath" value="C:\Program Files\tmcbeans\ide\modules\ext\postgresql-9.4.1209.jar" />
    <property name="libs.hibernate4-persistencemodelgen.classpath" value="C:\Program Files\tmcbeans\java\modules\ext\hibernate4\hibernate-jpamodelgen-4.3.1.Final.jar" />
    <property name="annotation.processing.source.output" value="build/generated-sources/ap-source-output" />
    <property name="main.class" value="tarkastaja.VaalipuheenTarkastaja" />
    <property name="libs.CopyLibs.src" value="" />
    <property name="build.dir" value="build" />
    <property name="ant.version" value="Apache Ant(TM) version 1.9.7 compiled on April 9 2016" />
    <property name="file.encoding" value="Cp1252" />
    <property name="build.classes.excludes" value="**/*.java,**/*.form" />
    <property name="jdkBug6558476" value="false" />
    <property name="javadoc.nonavbar" value="false" />
    <property name="platform.active" value="default_platform" />
    <property name="awt.toolkit" value="sun.awt.windows.WToolkit" />
  </properties>
  <testcase classname="tarkastaja.B_VaalipuheenTarkastajaTest" name="valintaKysymys1" time="1.039">
    <failure message="BorderPanessa tulee olla asetettuna alaosaan VBox-olio. Nyt alaosassa oli: null" type="junit.framework.AssertionFailedError">junit.framework.AssertionFailedError: BorderPanessa tulee olla asetettuna alaosaan VBox-olio. Nyt alaosassa oli: null
	at tarkastaja.B_VaalipuheenTarkastajaTest.syotaJaTarkista(B_VaalipuheenTarkastajaTest.java:112)
	at tarkastaja.B_VaalipuheenTarkastajaTest.valintaKysymys1(B_VaalipuheenTarkastajaTest.java:88)
</failure>
  </testcase>
  <testcase classname="tarkastaja.B_VaalipuheenTarkastajaTest" name="valintaKysymys2" time="0.284">
    <failure message="BorderPanessa tulee olla asetettuna alaosaan VBox-olio. Nyt alaosassa oli: null" type="junit.framework.AssertionFailedError">junit.framework.AssertionFailedError: BorderPanessa tulee olla asetettuna alaosaan VBox-olio. Nyt alaosassa oli: null
	at tarkastaja.B_VaalipuheenTarkastajaTest.syotaJaTarkista(B_VaalipuheenTarkastajaTest.java:112)
	at tarkastaja.B_VaalipuheenTarkastajaTest.valintaKysymys2(B_VaalipuheenTarkastajaTest.java:93)
</failure>
  </testcase>
  <testcase classname="tarkastaja.B_VaalipuheenTarkastajaTest" name="valintaEi1" time="0.287">
    <failure message="BorderPanessa tulee olla asetettuna alaosaan VBox-olio. Nyt alaosassa oli: null" type="junit.framework.AssertionFailedError">junit.framework.AssertionFailedError: BorderPanessa tulee olla asetettuna alaosaan VBox-olio. Nyt alaosassa oli: null
	at tarkastaja.B_VaalipuheenTarkastajaTest.syotaJaTarkista(B_VaalipuheenTarkastajaTest.java:112)
	at tarkastaja.B_VaalipuheenTarkastajaTest.valintaEi1(B_VaalipuheenTarkastajaTest.java:78)
</failure>
  </testcase>
  <testcase classname="tarkastaja.B_VaalipuheenTarkastajaTest" name="valintaEi2" time="0.27">
    <failure message="BorderPanessa tulee olla asetettuna alaosaan VBox-olio. Nyt alaosassa oli: null" type="junit.framework.AssertionFailedError">junit.framework.AssertionFailedError: BorderPanessa tulee olla asetettuna alaosaan VBox-olio. Nyt alaosassa oli: null
	at tarkastaja.B_VaalipuheenTarkastajaTest.syotaJaTarkista(B_VaalipuheenTarkastajaTest.java:112)
	at tarkastaja.B_VaalipuheenTarkastajaTest.valintaEi2(B_VaalipuheenTarkastajaTest.java:83)
</failure>
  </testcase>
  <testcase classname="tarkastaja.B_VaalipuheenTarkastajaTest" name="valintaKylla1" time="0.268">
    <failure message="BorderPanessa tulee olla asetettuna alaosaan VBox-olio. Nyt alaosassa oli: null" type="junit.framework.AssertionFailedError">junit.framework.AssertionFailedError: BorderPanessa tulee olla asetettuna alaosaan VBox-olio. Nyt alaosassa oli: null
	at tarkastaja.B_VaalipuheenTarkastajaTest.syotaJaTarkista(B_VaalipuheenTarkastajaTest.java:112)
	at tarkastaja.B_VaalipuheenTarkastajaTest.valintaKylla1(B_VaalipuheenTarkastajaTest.java:68)
</failure>
  </testcase>
  <testcase classname="tarkastaja.B_VaalipuheenTarkastajaTest" name="valintaKylla2" time="0.259">
    <failure message="BorderPanessa tulee olla asetettuna alaosaan VBox-olio. Nyt alaosassa oli: null" type="junit.framework.AssertionFailedError">junit.framework.AssertionFailedError: BorderPanessa tulee olla asetettuna alaosaan VBox-olio. Nyt alaosassa oli: null
	at tarkastaja.B_VaalipuheenTarkastajaTest.syotaJaTarkista(B_VaalipuheenTarkastajaTest.java:112)
	at tarkastaja.B_VaalipuheenTarkastajaTest.valintaKylla2(B_VaalipuheenTarkastajaTest.java:73)
</failure>
  </testcase>
  <system-out><![CDATA[]]></system-out>
  <system-err><![CDATA[]]></system-err>
</testsuite>
